<?xml version="1.0" encoding="UTF-8"?>
<!-- Generated by org.testng.reporters.JUnitReportReporter -->
<testsuite skipped="0" hostname="LAPTOP-A1DI2VS3" name="testcases.TC002EditLead" tests="1" failures="0" timestamp="2022-12-24T17:07:22 IST" time="21.664" errors="0">
  <testcase name="runEditLead" time="21.664" classname="testcases.TC002EditLead"/>
  <system-out/>
</testsuite> <!-- testcases.TC002EditLead -->
