<?xml version="1.0" encoding="UTF-8"?>
<!-- Generated by org.testng.reporters.JUnitReportReporter -->
<testsuite skipped="0" hostname="LAPTOP-A1DI2VS3" name="testcases.TC001CreateLead" tests="2" failures="0" timestamp="2022-12-24T17:54:34 IST" time="32.113" errors="0">
  <testcase name="runCreateLead" time="20.261" classname="testcases.TC001CreateLead"/>
  <system-out/>
  <testcase name="runCreateLead" time="11.852" classname="testcases.TC001CreateLead"/>
  <system-out/>
</testsuite> <!-- testcases.TC001CreateLead -->
